    public static void traceLazily(berkeley.com.sleepycat.je.dbi.EnvironmentImpl, java.lang.String)
    {
        berkeley.com.sleepycat.je.dbi.EnvironmentImpl envImpl;
        java.lang.String message;
        berkeley.com.sleepycat.je.log.entry.TraceLogEntry $r0;
        berkeley.com.sleepycat.je.log.Trace $r1;
        boolean $z0;
        berkeley.com.sleepycat.je.log.LogManager $r2;
        berkeley.com.sleepycat.je.log.ReplicationContext $r3;

        envImpl := @parameter0: berkeley.com.sleepycat.je.dbi.EnvironmentImpl;

        message := @parameter1: java.lang.String;

        $z0 = staticinvoke <berkeley.com.sleepycat.je.log.Trace: boolean isWritePermitted(berkeley.com.sleepycat.je.dbi.EnvironmentImpl)>(envImpl);

        staticinvoke <edu.cmu.cs.mvelezce.analysis.option.Sink: void sink(java.lang.Object)>($z0);

        if $z0 == 0 goto label1;

        $r2 = virtualinvoke envImpl.<berkeley.com.sleepycat.je.dbi.EnvironmentImpl: berkeley.com.sleepycat.je.log.LogManager getLogManager()>();

        $r0 = new berkeley.com.sleepycat.je.log.entry.TraceLogEntry;

        $r1 = new berkeley.com.sleepycat.je.log.Trace;

        specialinvoke $r1.<berkeley.com.sleepycat.je.log.Trace: void <init>(java.lang.String)>(message);

        specialinvoke $r0.<berkeley.com.sleepycat.je.log.entry.TraceLogEntry: void <init>(berkeley.com.sleepycat.je.log.Trace)>($r1);

        $r3 = <berkeley.com.sleepycat.je.log.ReplicationContext: berkeley.com.sleepycat.je.log.ReplicationContext NO_REPLICATE>;

        virtualinvoke $r2.<berkeley.com.sleepycat.je.log.LogManager: void logLazily(berkeley.com.sleepycat.je.log.entry.LogEntry,berkeley.com.sleepycat.je.log.ReplicationContext)>($r0, $r3);

     label1:
        return;
    }

    public static void trace(berkeley.com.sleepycat.je.dbi.EnvironmentImpl, java.lang.String)
    {
        berkeley.com.sleepycat.je.dbi.EnvironmentImpl envImpl;
        java.lang.String message;
        berkeley.com.sleepycat.je.log.Trace $r0;

        envImpl := @parameter0: berkeley.com.sleepycat.je.dbi.EnvironmentImpl;

        message := @parameter1: java.lang.String;

        $r0 = new berkeley.com.sleepycat.je.log.Trace;

        specialinvoke $r0.<berkeley.com.sleepycat.je.log.Trace: void <init>(java.lang.String)>(message);

        staticinvoke <berkeley.com.sleepycat.je.log.Trace: long trace(berkeley.com.sleepycat.je.dbi.EnvironmentImpl,berkeley.com.sleepycat.je.log.Trace)>(envImpl, $r0);

        return;
    }

    private static boolean isWritePermitted(berkeley.com.sleepycat.je.dbi.EnvironmentImpl)
    {
        berkeley.com.sleepycat.je.dbi.EnvironmentImpl envImpl;
        boolean $z0, $z1, $z2;

        envImpl := @parameter0: berkeley.com.sleepycat.je.dbi.EnvironmentImpl;

        staticinvoke <edu.cmu.cs.mvelezce.analysis.option.Sink: void sink(java.lang.Object)>(envImpl);

        if envImpl == null goto label1;

        $z0 = virtualinvoke envImpl.<berkeley.com.sleepycat.je.dbi.EnvironmentImpl: boolean isReadOnly()>();

        staticinvoke <edu.cmu.cs.mvelezce.analysis.option.Sink: void sink(java.lang.Object)>($z0);

        if $z0 != 0 goto label1;

        $z1 = virtualinvoke envImpl.<berkeley.com.sleepycat.je.dbi.EnvironmentImpl: boolean mayNotWrite()>();

        staticinvoke <edu.cmu.cs.mvelezce.analysis.option.Sink: void sink(java.lang.Object)>($z1);

        if $z1 != 0 goto label1;

        $z2 = virtualinvoke envImpl.<berkeley.com.sleepycat.je.dbi.EnvironmentImpl: boolean isDbLoggingDisabled()>();

        staticinvoke <edu.cmu.cs.mvelezce.analysis.option.Sink: void sink(java.lang.Object)>($z2);

        if $z2 == 0 goto label2;

     label1:
        return 0;

     label2:
        return 1;
    }

    public static long trace(berkeley.com.sleepycat.je.dbi.EnvironmentImpl, berkeley.com.sleepycat.je.log.Trace)
    {
        berkeley.com.sleepycat.je.dbi.EnvironmentImpl envImpl;
        berkeley.com.sleepycat.je.log.Trace traceMsg;
        berkeley.com.sleepycat.je.log.entry.TraceLogEntry $r0;
        boolean $z0;
        berkeley.com.sleepycat.je.log.LogManager $r1;
        berkeley.com.sleepycat.je.log.ReplicationContext $r2;
        long $l0;

        envImpl := @parameter0: berkeley.com.sleepycat.je.dbi.EnvironmentImpl;

        traceMsg := @parameter1: berkeley.com.sleepycat.je.log.Trace;

        $z0 = staticinvoke <berkeley.com.sleepycat.je.log.Trace: boolean isWritePermitted(berkeley.com.sleepycat.je.dbi.EnvironmentImpl)>(envImpl);

        staticinvoke <edu.cmu.cs.mvelezce.analysis.option.Sink: void sink(java.lang.Object)>($z0);

        if $z0 == 0 goto label1;

        $r1 = virtualinvoke envImpl.<berkeley.com.sleepycat.je.dbi.EnvironmentImpl: berkeley.com.sleepycat.je.log.LogManager getLogManager()>();

        $r0 = new berkeley.com.sleepycat.je.log.entry.TraceLogEntry;

        specialinvoke $r0.<berkeley.com.sleepycat.je.log.entry.TraceLogEntry: void <init>(berkeley.com.sleepycat.je.log.Trace)>(traceMsg);

        $r2 = <berkeley.com.sleepycat.je.log.ReplicationContext: berkeley.com.sleepycat.je.log.ReplicationContext NO_REPLICATE>;

        $l0 = virtualinvoke $r1.<berkeley.com.sleepycat.je.log.LogManager: long log(berkeley.com.sleepycat.je.log.entry.LogEntry,berkeley.com.sleepycat.je.log.ReplicationContext)>($r0, $r2);

        return $l0;

     label1:
        return -1L;
    }

    public void <init>(java.lang.String)
    {
        berkeley.com.sleepycat.je.log.Trace this;
        java.lang.String msg;
        berkeley.com.sleepycat.je.utilint.Timestamp $r0;

        this := @this: berkeley.com.sleepycat.je.log.Trace;

        msg := @parameter0: java.lang.String;

        specialinvoke this.<berkeley.com.sleepycat.je.log.BasicVersionedWriteLoggable: void <init>()>();

        $r0 = specialinvoke this.<berkeley.com.sleepycat.je.log.Trace: berkeley.com.sleepycat.je.utilint.Timestamp getCurrentTimestamp()>();

        this.<berkeley.com.sleepycat.je.log.Trace: berkeley.com.sleepycat.je.utilint.Timestamp time> = $r0;

        this.<berkeley.com.sleepycat.je.log.Trace: java.lang.String msg> = msg;

        return;
    }

    private berkeley.com.sleepycat.je.utilint.Timestamp getCurrentTimestamp()
    {
        berkeley.com.sleepycat.je.log.Trace this;
        java.util.Calendar cal;
        berkeley.com.sleepycat.je.utilint.Timestamp $r0;
        java.util.Date $r1;
        long $l0;

        this := @this: berkeley.com.sleepycat.je.log.Trace;

        cal = staticinvoke <java.util.Calendar: java.util.Calendar getInstance()>();

        $r0 = new berkeley.com.sleepycat.je.utilint.Timestamp;

        $r1 = virtualinvoke cal.<java.util.Calendar: java.util.Date getTime()>();

        $l0 = virtualinvoke $r1.<java.util.Date: long getTime()>();

        specialinvoke $r0.<berkeley.com.sleepycat.je.utilint.Timestamp: void <init>(long)>($l0);

        return $r0;
    }

    public void writeToLog(java.nio.ByteBuffer, int, boolean)
    {
        berkeley.com.sleepycat.je.log.Trace this;
        java.nio.ByteBuffer logBuffer;
        int logVersion;
        boolean forReplication;
        berkeley.com.sleepycat.je.utilint.Timestamp $r0;
        java.lang.String $r1;

        this := @this: berkeley.com.sleepycat.je.log.Trace;

        logBuffer := @parameter0: java.nio.ByteBuffer;

        logVersion := @parameter1: int;

        forReplication := @parameter2: boolean;

        $r0 = this.<berkeley.com.sleepycat.je.log.Trace: berkeley.com.sleepycat.je.utilint.Timestamp time>;

        staticinvoke <berkeley.com.sleepycat.je.log.LogUtils: void writeTimestamp(java.nio.ByteBuffer,berkeley.com.sleepycat.je.utilint.Timestamp)>(logBuffer, $r0);

        $r1 = this.<berkeley.com.sleepycat.je.log.Trace: java.lang.String msg>;

        staticinvoke <berkeley.com.sleepycat.je.log.LogUtils: void writeString(java.nio.ByteBuffer,java.lang.String)>(logBuffer, $r1);

        return;
    }

    public int getLogSize(int, boolean)
    {
        berkeley.com.sleepycat.je.log.Trace this;
        int logVersion, $i0, $i1, $i2;
        boolean forReplication;
        berkeley.com.sleepycat.je.utilint.Timestamp $r0;
        java.lang.String $r1;

        this := @this: berkeley.com.sleepycat.je.log.Trace;

        logVersion := @parameter0: int;

        forReplication := @parameter1: boolean;

        $r0 = this.<berkeley.com.sleepycat.je.log.Trace: berkeley.com.sleepycat.je.utilint.Timestamp time>;

        $i0 = staticinvoke <berkeley.com.sleepycat.je.log.LogUtils: int getTimestampLogSize(berkeley.com.sleepycat.je.utilint.Timestamp)>($r0);

        $r1 = this.<berkeley.com.sleepycat.je.log.Trace: java.lang.String msg>;

        $i1 = staticinvoke <berkeley.com.sleepycat.je.log.LogUtils: int getStringLogSize(java.lang.String)>($r1);

        $i2 = $i0 + $i1;

        return $i2;
    }


