digraph traceLazily {
"envImpl := @parameter0: berkeley.com.sleepycat.je.dbi.EnvironmentImpl {1301652740}" -> "message := @parameter1: java.lang.String {1121343199}";
"message := @parameter1: java.lang.String {1121343199}" -> "$z0 = staticinvoke <berkeley.com.sleepycat.je.log.Trace: boolean isWritePermitted(berkeley.com.sleepycat.je.dbi.EnvironmentImpl)>(envImpl) {1118436281}";
"$z0 = staticinvoke <berkeley.com.sleepycat.je.log.Trace: boolean isWritePermitted(berkeley.com.sleepycat.je.dbi.EnvironmentImpl)>(envImpl) {1118436281}" -> "staticinvoke <edu.cmu.cs.mvelezce.analysis.option.Sink: void sink(java.lang.Object)>($z0) {1610403730}";
"staticinvoke <edu.cmu.cs.mvelezce.analysis.option.Sink: void sink(java.lang.Object)>($z0) {1610403730}" -> "if $z0 == 0 goto return {842608029}";
"if $z0 == 0 goto return {842608029}" -> "$r2 = virtualinvoke envImpl.<berkeley.com.sleepycat.je.dbi.EnvironmentImpl: berkeley.com.sleepycat.je.log.LogManager getLogManager()>() {1002645756}";
"if $z0 == 0 goto return {842608029}" -> "return {439617998}";
"$r2 = virtualinvoke envImpl.<berkeley.com.sleepycat.je.dbi.EnvironmentImpl: berkeley.com.sleepycat.je.log.LogManager getLogManager()>() {1002645756}" -> "$r0 = new berkeley.com.sleepycat.je.log.entry.TraceLogEntry {1301606033}";
"$r0 = new berkeley.com.sleepycat.je.log.entry.TraceLogEntry {1301606033}" -> "$r1 = new berkeley.com.sleepycat.je.log.Trace {132519817}";
"$r1 = new berkeley.com.sleepycat.je.log.Trace {132519817}" -> "specialinvoke $r1.<berkeley.com.sleepycat.je.log.Trace: void <init>(java.lang.String)>(message) {582060778}";
"specialinvoke $r1.<berkeley.com.sleepycat.je.log.Trace: void <init>(java.lang.String)>(message) {582060778}" -> "specialinvoke $r0.<berkeley.com.sleepycat.je.log.entry.TraceLogEntry: void <init>(berkeley.com.sleepycat.je.log.Trace)>($r1) {1803475789}";
"specialinvoke $r0.<berkeley.com.sleepycat.je.log.entry.TraceLogEntry: void <init>(berkeley.com.sleepycat.je.log.Trace)>($r1) {1803475789}" -> "$r3 = <berkeley.com.sleepycat.je.log.ReplicationContext: berkeley.com.sleepycat.je.log.ReplicationContext NO_REPLICATE> {868632907}";
"$r3 = <berkeley.com.sleepycat.je.log.ReplicationContext: berkeley.com.sleepycat.je.log.ReplicationContext NO_REPLICATE> {868632907}" -> "virtualinvoke $r2.<berkeley.com.sleepycat.je.log.LogManager: void logLazily(berkeley.com.sleepycat.je.log.entry.LogEntry,berkeley.com.sleepycat.je.log.ReplicationContext)>($r0, $r3) {888943457}";
"virtualinvoke $r2.<berkeley.com.sleepycat.je.log.LogManager: void logLazily(berkeley.com.sleepycat.je.log.entry.LogEntry,berkeley.com.sleepycat.je.log.ReplicationContext)>($r0, $r3) {888943457}" -> "return {439617998}";
"staticinvoke <edu.cmu.cs.mvelezce.analysis.option.Sink: void sink(java.lang.Object)>($z0) {1610403730}"[fontcolor="blue", penwidth=3, color="blue"];
}

digraph trace {
"envImpl := @parameter0: berkeley.com.sleepycat.je.dbi.EnvironmentImpl {655829202}" -> "message := @parameter1: java.lang.String {1729721117}";
"message := @parameter1: java.lang.String {1729721117}" -> "$r0 = new berkeley.com.sleepycat.je.log.Trace {2105497366}";
"$r0 = new berkeley.com.sleepycat.je.log.Trace {2105497366}" -> "specialinvoke $r0.<berkeley.com.sleepycat.je.log.Trace: void <init>(java.lang.String)>(message) {1218514807}";
"specialinvoke $r0.<berkeley.com.sleepycat.je.log.Trace: void <init>(java.lang.String)>(message) {1218514807}" -> "staticinvoke <berkeley.com.sleepycat.je.log.Trace: long trace(berkeley.com.sleepycat.je.dbi.EnvironmentImpl,berkeley.com.sleepycat.je.log.Trace)>(envImpl, $r0) {1685558557}";
"staticinvoke <berkeley.com.sleepycat.je.log.Trace: long trace(berkeley.com.sleepycat.je.dbi.EnvironmentImpl,berkeley.com.sleepycat.je.log.Trace)>(envImpl, $r0) {1685558557}" -> "return {1833210933}";
}

digraph isWritePermitted {
"envImpl := @parameter0: berkeley.com.sleepycat.je.dbi.EnvironmentImpl {841152603}" -> "staticinvoke <edu.cmu.cs.mvelezce.analysis.option.Sink: void sink(java.lang.Object)>(envImpl) {309101522}";
"staticinvoke <edu.cmu.cs.mvelezce.analysis.option.Sink: void sink(java.lang.Object)>(envImpl) {309101522}" -> "if envImpl == null goto return 0 {1063206202}";
"if envImpl == null goto return 0 {1063206202}" -> "$z0 = virtualinvoke envImpl.<berkeley.com.sleepycat.je.dbi.EnvironmentImpl: boolean isReadOnly()>() {1026848340}";
"if envImpl == null goto return 0 {1063206202}" -> "return 0 {1430481664}";
"$z0 = virtualinvoke envImpl.<berkeley.com.sleepycat.je.dbi.EnvironmentImpl: boolean isReadOnly()>() {1026848340}" -> "staticinvoke <edu.cmu.cs.mvelezce.analysis.option.Sink: void sink(java.lang.Object)>($z0) {370052325}";
"staticinvoke <edu.cmu.cs.mvelezce.analysis.option.Sink: void sink(java.lang.Object)>($z0) {370052325}" -> "if $z0 != 0 goto return 0 {2142170450}";
"if $z0 != 0 goto return 0 {2142170450}" -> "$z1 = virtualinvoke envImpl.<berkeley.com.sleepycat.je.dbi.EnvironmentImpl: boolean mayNotWrite()>() {1952205643}";
"if $z0 != 0 goto return 0 {2142170450}" -> "return 0 {1430481664}";
"$z1 = virtualinvoke envImpl.<berkeley.com.sleepycat.je.dbi.EnvironmentImpl: boolean mayNotWrite()>() {1952205643}" -> "staticinvoke <edu.cmu.cs.mvelezce.analysis.option.Sink: void sink(java.lang.Object)>($z1) {289595105}";
"staticinvoke <edu.cmu.cs.mvelezce.analysis.option.Sink: void sink(java.lang.Object)>($z1) {289595105}" -> "if $z1 != 0 goto return 0 {1782842690}";
"if $z1 != 0 goto return 0 {1782842690}" -> "$z2 = virtualinvoke envImpl.<berkeley.com.sleepycat.je.dbi.EnvironmentImpl: boolean isDbLoggingDisabled()>() {777064765}";
"if $z1 != 0 goto return 0 {1782842690}" -> "return 0 {1430481664}";
"$z2 = virtualinvoke envImpl.<berkeley.com.sleepycat.je.dbi.EnvironmentImpl: boolean isDbLoggingDisabled()>() {777064765}" -> "staticinvoke <edu.cmu.cs.mvelezce.analysis.option.Sink: void sink(java.lang.Object)>($z2) {792150505}";
"staticinvoke <edu.cmu.cs.mvelezce.analysis.option.Sink: void sink(java.lang.Object)>($z2) {792150505}" -> "if $z2 == 0 goto return 1 {943784367}";
"if $z2 == 0 goto return 1 {943784367}" -> "return 0 {1430481664}";
"if $z2 == 0 goto return 1 {943784367}" -> "return 1 {1128360925}";
"staticinvoke <edu.cmu.cs.mvelezce.analysis.option.Sink: void sink(java.lang.Object)>($z1) {289595105}"[fontcolor="blue", penwidth=3, color="blue"];
"staticinvoke <edu.cmu.cs.mvelezce.analysis.option.Sink: void sink(java.lang.Object)>(envImpl) {309101522}"[fontcolor="blue", penwidth=3, color="blue"];
"staticinvoke <edu.cmu.cs.mvelezce.analysis.option.Sink: void sink(java.lang.Object)>($z2) {792150505}"[fontcolor="blue", penwidth=3, color="blue"];
"staticinvoke <edu.cmu.cs.mvelezce.analysis.option.Sink: void sink(java.lang.Object)>($z0) {370052325}"[fontcolor="blue", penwidth=3, color="blue"];
}

digraph trace {
"envImpl := @parameter0: berkeley.com.sleepycat.je.dbi.EnvironmentImpl {494010442}" -> "traceMsg := @parameter1: berkeley.com.sleepycat.je.log.Trace {1474141325}";
"traceMsg := @parameter1: berkeley.com.sleepycat.je.log.Trace {1474141325}" -> "$z0 = staticinvoke <berkeley.com.sleepycat.je.log.Trace: boolean isWritePermitted(berkeley.com.sleepycat.je.dbi.EnvironmentImpl)>(envImpl) {643839524}";
"$z0 = staticinvoke <berkeley.com.sleepycat.je.log.Trace: boolean isWritePermitted(berkeley.com.sleepycat.je.dbi.EnvironmentImpl)>(envImpl) {643839524}" -> "staticinvoke <edu.cmu.cs.mvelezce.analysis.option.Sink: void sink(java.lang.Object)>($z0) {1496524238}";
"staticinvoke <edu.cmu.cs.mvelezce.analysis.option.Sink: void sink(java.lang.Object)>($z0) {1496524238}" -> "if $z0 == 0 goto return -1L {493023121}";
"if $z0 == 0 goto return -1L {493023121}" -> "$r1 = virtualinvoke envImpl.<berkeley.com.sleepycat.je.dbi.EnvironmentImpl: berkeley.com.sleepycat.je.log.LogManager getLogManager()>() {2037020192}";
"if $z0 == 0 goto return -1L {493023121}" -> "return -1L {1875556858}";
"$r1 = virtualinvoke envImpl.<berkeley.com.sleepycat.je.dbi.EnvironmentImpl: berkeley.com.sleepycat.je.log.LogManager getLogManager()>() {2037020192}" -> "$r0 = new berkeley.com.sleepycat.je.log.entry.TraceLogEntry {1418255370}";
"$r0 = new berkeley.com.sleepycat.je.log.entry.TraceLogEntry {1418255370}" -> "specialinvoke $r0.<berkeley.com.sleepycat.je.log.entry.TraceLogEntry: void <init>(berkeley.com.sleepycat.je.log.Trace)>(traceMsg) {1060259796}";
"specialinvoke $r0.<berkeley.com.sleepycat.je.log.entry.TraceLogEntry: void <init>(berkeley.com.sleepycat.je.log.Trace)>(traceMsg) {1060259796}" -> "$r2 = <berkeley.com.sleepycat.je.log.ReplicationContext: berkeley.com.sleepycat.je.log.ReplicationContext NO_REPLICATE> {309393483}";
"$r2 = <berkeley.com.sleepycat.je.log.ReplicationContext: berkeley.com.sleepycat.je.log.ReplicationContext NO_REPLICATE> {309393483}" -> "$l0 = virtualinvoke $r1.<berkeley.com.sleepycat.je.log.LogManager: long log(berkeley.com.sleepycat.je.log.entry.LogEntry,berkeley.com.sleepycat.je.log.ReplicationContext)>($r0, $r2) {825062191}";
"$l0 = virtualinvoke $r1.<berkeley.com.sleepycat.je.log.LogManager: long log(berkeley.com.sleepycat.je.log.entry.LogEntry,berkeley.com.sleepycat.je.log.ReplicationContext)>($r0, $r2) {825062191}" -> "return $l0 {1473009046}";
"staticinvoke <edu.cmu.cs.mvelezce.analysis.option.Sink: void sink(java.lang.Object)>($z0) {1496524238}"[fontcolor="blue", penwidth=3, color="blue"];
}

digraph <init> {
"this := @this: berkeley.com.sleepycat.je.log.Trace {133932245}" -> "msg := @parameter0: java.lang.String {1872613577}";
"msg := @parameter0: java.lang.String {1872613577}" -> "specialinvoke this.<berkeley.com.sleepycat.je.log.BasicVersionedWriteLoggable: void <init>()>() {1450732794}";
"specialinvoke this.<berkeley.com.sleepycat.je.log.BasicVersionedWriteLoggable: void <init>()>() {1450732794}" -> "$r0 = specialinvoke this.<berkeley.com.sleepycat.je.log.Trace: berkeley.com.sleepycat.je.utilint.Timestamp getCurrentTimestamp()>() {643090142}";
"$r0 = specialinvoke this.<berkeley.com.sleepycat.je.log.Trace: berkeley.com.sleepycat.je.utilint.Timestamp getCurrentTimestamp()>() {643090142}" -> "this.<berkeley.com.sleepycat.je.log.Trace: berkeley.com.sleepycat.je.utilint.Timestamp time> = $r0 {1717395125}";
"this.<berkeley.com.sleepycat.je.log.Trace: berkeley.com.sleepycat.je.utilint.Timestamp time> = $r0 {1717395125}" -> "this.<berkeley.com.sleepycat.je.log.Trace: java.lang.String msg> = msg {1992154856}";
"this.<berkeley.com.sleepycat.je.log.Trace: java.lang.String msg> = msg {1992154856}" -> "return {2048499324}";
}

digraph getCurrentTimestamp {
"this := @this: berkeley.com.sleepycat.je.log.Trace {783472569}" -> "cal = staticinvoke <java.util.Calendar: java.util.Calendar getInstance()>() {270598854}";
"cal = staticinvoke <java.util.Calendar: java.util.Calendar getInstance()>() {270598854}" -> "$r0 = new berkeley.com.sleepycat.je.utilint.Timestamp {1754457613}";
"$r0 = new berkeley.com.sleepycat.je.utilint.Timestamp {1754457613}" -> "$r1 = virtualinvoke cal.<java.util.Calendar: java.util.Date getTime()>() {1332877392}";
"$r1 = virtualinvoke cal.<java.util.Calendar: java.util.Date getTime()>() {1332877392}" -> "$l0 = virtualinvoke $r1.<java.util.Date: long getTime()>() {1916456660}";
"$l0 = virtualinvoke $r1.<java.util.Date: long getTime()>() {1916456660}" -> "specialinvoke $r0.<berkeley.com.sleepycat.je.utilint.Timestamp: void <init>(long)>($l0) {792115864}";
"specialinvoke $r0.<berkeley.com.sleepycat.je.utilint.Timestamp: void <init>(long)>($l0) {792115864}" -> "return $r0 {1688828764}";
}

digraph writeToLog {
"this := @this: berkeley.com.sleepycat.je.log.Trace {1664287776}" -> "logBuffer := @parameter0: java.nio.ByteBuffer {548748387}";
"logBuffer := @parameter0: java.nio.ByteBuffer {548748387}" -> "logVersion := @parameter1: int {821512308}";
"logVersion := @parameter1: int {821512308}" -> "forReplication := @parameter2: boolean {666678755}";
"forReplication := @parameter2: boolean {666678755}" -> "$r0 = this.<berkeley.com.sleepycat.je.log.Trace: berkeley.com.sleepycat.je.utilint.Timestamp time> {1860707388}";
"$r0 = this.<berkeley.com.sleepycat.je.log.Trace: berkeley.com.sleepycat.je.utilint.Timestamp time> {1860707388}" -> "staticinvoke <berkeley.com.sleepycat.je.log.LogUtils: void writeTimestamp(java.nio.ByteBuffer,berkeley.com.sleepycat.je.utilint.Timestamp)>(logBuffer, $r0) {506529495}";
"staticinvoke <berkeley.com.sleepycat.je.log.LogUtils: void writeTimestamp(java.nio.ByteBuffer,berkeley.com.sleepycat.je.utilint.Timestamp)>(logBuffer, $r0) {506529495}" -> "$r1 = this.<berkeley.com.sleepycat.je.log.Trace: java.lang.String msg> {2124389410}";
"$r1 = this.<berkeley.com.sleepycat.je.log.Trace: java.lang.String msg> {2124389410}" -> "staticinvoke <berkeley.com.sleepycat.je.log.LogUtils: void writeString(java.nio.ByteBuffer,java.lang.String)>(logBuffer, $r1) {1754147480}";
"staticinvoke <berkeley.com.sleepycat.je.log.LogUtils: void writeString(java.nio.ByteBuffer,java.lang.String)>(logBuffer, $r1) {1754147480}" -> "return {2007393546}";
}

digraph getLogSize {
"this := @this: berkeley.com.sleepycat.je.log.Trace {695628822}" -> "logVersion := @parameter0: int {1514705006}";
"logVersion := @parameter0: int {1514705006}" -> "forReplication := @parameter1: boolean {1221105250}";
"forReplication := @parameter1: boolean {1221105250}" -> "$r0 = this.<berkeley.com.sleepycat.je.log.Trace: berkeley.com.sleepycat.je.utilint.Timestamp time> {804225177}";
"$r0 = this.<berkeley.com.sleepycat.je.log.Trace: berkeley.com.sleepycat.je.utilint.Timestamp time> {804225177}" -> "$i0 = staticinvoke <berkeley.com.sleepycat.je.log.LogUtils: int getTimestampLogSize(berkeley.com.sleepycat.je.utilint.Timestamp)>($r0) {588806272}";
"$i0 = staticinvoke <berkeley.com.sleepycat.je.log.LogUtils: int getTimestampLogSize(berkeley.com.sleepycat.je.utilint.Timestamp)>($r0) {588806272}" -> "$r1 = this.<berkeley.com.sleepycat.je.log.Trace: java.lang.String msg> {1205463930}";
"$r1 = this.<berkeley.com.sleepycat.je.log.Trace: java.lang.String msg> {1205463930}" -> "$i1 = staticinvoke <berkeley.com.sleepycat.je.log.LogUtils: int getStringLogSize(java.lang.String)>($r1) {660948857}";
"$i1 = staticinvoke <berkeley.com.sleepycat.je.log.LogUtils: int getStringLogSize(java.lang.String)>($r1) {660948857}" -> "$i2 = $i0 + $i1 {550352835}";
"$i2 = $i0 + $i1 {550352835}" -> "return $i2 {1055121807}";
}


