digraph traceLazily {
"envImpl := @parameter0: com.sleepycat.je.dbi.EnvironmentImpl {1737471992}" -> "message := @parameter1: java.lang.String {683434203}";
"message := @parameter1: java.lang.String {683434203}" -> "$z0 = staticinvoke <com.sleepycat.je.log.Trace: boolean isWritePermitted(com.sleepycat.je.dbi.EnvironmentImpl)>(envImpl) {1840753231}";
"$z0 = staticinvoke <com.sleepycat.je.log.Trace: boolean isWritePermitted(com.sleepycat.je.dbi.EnvironmentImpl)>(envImpl) {1840753231}" -> "staticinvoke <edu.cmu.cs.mvelezce.analysis.option.Sink: void sink(java.lang.Object)>($z0) {1567324889}";
"staticinvoke <edu.cmu.cs.mvelezce.analysis.option.Sink: void sink(java.lang.Object)>($z0) {1567324889}" -> "if $z0 == 0 goto return {650556826}";
"if $z0 == 0 goto return {650556826}" -> "$r2 = virtualinvoke envImpl.<com.sleepycat.je.dbi.EnvironmentImpl: com.sleepycat.je.log.LogManager getLogManager()>() {1850024657}";
"if $z0 == 0 goto return {650556826}" -> "return {1975829082}";
"$r2 = virtualinvoke envImpl.<com.sleepycat.je.dbi.EnvironmentImpl: com.sleepycat.je.log.LogManager getLogManager()>() {1850024657}" -> "$r0 = new com.sleepycat.je.log.entry.TraceLogEntry {763957413}";
"$r0 = new com.sleepycat.je.log.entry.TraceLogEntry {763957413}" -> "$r1 = new com.sleepycat.je.log.Trace {1256148671}";
"$r1 = new com.sleepycat.je.log.Trace {1256148671}" -> "specialinvoke $r1.<com.sleepycat.je.log.Trace: void <init>(java.lang.String)>(message) {1297196693}";
"specialinvoke $r1.<com.sleepycat.je.log.Trace: void <init>(java.lang.String)>(message) {1297196693}" -> "specialinvoke $r0.<com.sleepycat.je.log.entry.TraceLogEntry: void <init>(com.sleepycat.je.log.Trace)>($r1) {1431160070}";
"specialinvoke $r0.<com.sleepycat.je.log.entry.TraceLogEntry: void <init>(com.sleepycat.je.log.Trace)>($r1) {1431160070}" -> "$r3 = <com.sleepycat.je.log.ReplicationContext: com.sleepycat.je.log.ReplicationContext NO_REPLICATE> {1974438193}";
"$r3 = <com.sleepycat.je.log.ReplicationContext: com.sleepycat.je.log.ReplicationContext NO_REPLICATE> {1974438193}" -> "virtualinvoke $r2.<com.sleepycat.je.log.LogManager: void logLazily(com.sleepycat.je.log.entry.LogEntry,com.sleepycat.je.log.ReplicationContext)>($r0, $r3) {903987069}";
"virtualinvoke $r2.<com.sleepycat.je.log.LogManager: void logLazily(com.sleepycat.je.log.entry.LogEntry,com.sleepycat.je.log.ReplicationContext)>($r0, $r3) {903987069}" -> "return {1975829082}";
"staticinvoke <edu.cmu.cs.mvelezce.analysis.option.Sink: void sink(java.lang.Object)>($z0) {1567324889}"[fontcolor="blue", penwidth=3, color="blue"];
}

digraph trace {
"envImpl := @parameter0: com.sleepycat.je.dbi.EnvironmentImpl {1656689029}" -> "message := @parameter1: java.lang.String {988881639}";
"message := @parameter1: java.lang.String {988881639}" -> "$r0 = new com.sleepycat.je.log.Trace {1403590266}";
"$r0 = new com.sleepycat.je.log.Trace {1403590266}" -> "specialinvoke $r0.<com.sleepycat.je.log.Trace: void <init>(java.lang.String)>(message) {2129260549}";
"specialinvoke $r0.<com.sleepycat.je.log.Trace: void <init>(java.lang.String)>(message) {2129260549}" -> "staticinvoke <com.sleepycat.je.log.Trace: long trace(com.sleepycat.je.dbi.EnvironmentImpl,com.sleepycat.je.log.Trace)>(envImpl, $r0) {1127090350}";
"staticinvoke <com.sleepycat.je.log.Trace: long trace(com.sleepycat.je.dbi.EnvironmentImpl,com.sleepycat.je.log.Trace)>(envImpl, $r0) {1127090350}" -> "return {1303659314}";
}

digraph isWritePermitted {
"envImpl := @parameter0: com.sleepycat.je.dbi.EnvironmentImpl {40443081}" -> "staticinvoke <edu.cmu.cs.mvelezce.analysis.option.Sink: void sink(java.lang.Object)>(envImpl) {1701960124}";
"staticinvoke <edu.cmu.cs.mvelezce.analysis.option.Sink: void sink(java.lang.Object)>(envImpl) {1701960124}" -> "if envImpl == null goto return 0 {1007561535}";
"if envImpl == null goto return 0 {1007561535}" -> "$z0 = virtualinvoke envImpl.<com.sleepycat.je.dbi.EnvironmentImpl: boolean isReadOnly()>() {1888806643}";
"if envImpl == null goto return 0 {1007561535}" -> "return 0 {207918705}";
"$z0 = virtualinvoke envImpl.<com.sleepycat.je.dbi.EnvironmentImpl: boolean isReadOnly()>() {1888806643}" -> "staticinvoke <edu.cmu.cs.mvelezce.analysis.option.Sink: void sink(java.lang.Object)>($z0) {211134070}";
"staticinvoke <edu.cmu.cs.mvelezce.analysis.option.Sink: void sink(java.lang.Object)>($z0) {211134070}" -> "if $z0 != 0 goto return 0 {94465739}";
"if $z0 != 0 goto return 0 {94465739}" -> "$z1 = virtualinvoke envImpl.<com.sleepycat.je.dbi.EnvironmentImpl: boolean mayNotWrite()>() {1642102344}";
"if $z0 != 0 goto return 0 {94465739}" -> "return 0 {207918705}";
"$z1 = virtualinvoke envImpl.<com.sleepycat.je.dbi.EnvironmentImpl: boolean mayNotWrite()>() {1642102344}" -> "staticinvoke <edu.cmu.cs.mvelezce.analysis.option.Sink: void sink(java.lang.Object)>($z1) {1671434091}";
"staticinvoke <edu.cmu.cs.mvelezce.analysis.option.Sink: void sink(java.lang.Object)>($z1) {1671434091}" -> "if $z1 != 0 goto return 0 {915718137}";
"if $z1 != 0 goto return 0 {915718137}" -> "$z2 = virtualinvoke envImpl.<com.sleepycat.je.dbi.EnvironmentImpl: boolean isDbLoggingDisabled()>() {800408126}";
"if $z1 != 0 goto return 0 {915718137}" -> "return 0 {207918705}";
"$z2 = virtualinvoke envImpl.<com.sleepycat.je.dbi.EnvironmentImpl: boolean isDbLoggingDisabled()>() {800408126}" -> "staticinvoke <edu.cmu.cs.mvelezce.analysis.option.Sink: void sink(java.lang.Object)>($z2) {1696275619}";
"staticinvoke <edu.cmu.cs.mvelezce.analysis.option.Sink: void sink(java.lang.Object)>($z2) {1696275619}" -> "if $z2 == 0 goto return 1 {1296399294}";
"if $z2 == 0 goto return 1 {1296399294}" -> "return 0 {207918705}";
"if $z2 == 0 goto return 1 {1296399294}" -> "return 1 {1866175356}";
"staticinvoke <edu.cmu.cs.mvelezce.analysis.option.Sink: void sink(java.lang.Object)>(envImpl) {1701960124}"[fontcolor="blue", penwidth=3, color="blue"];
"staticinvoke <edu.cmu.cs.mvelezce.analysis.option.Sink: void sink(java.lang.Object)>($z1) {1671434091}"[fontcolor="blue", penwidth=3, color="blue"];
"staticinvoke <edu.cmu.cs.mvelezce.analysis.option.Sink: void sink(java.lang.Object)>($z0) {211134070}"[fontcolor="blue", penwidth=3, color="blue"];
"staticinvoke <edu.cmu.cs.mvelezce.analysis.option.Sink: void sink(java.lang.Object)>($z2) {1696275619}"[fontcolor="blue", penwidth=3, color="blue"];
}

digraph trace {
"envImpl := @parameter0: com.sleepycat.je.dbi.EnvironmentImpl {2086590556}" -> "traceMsg := @parameter1: com.sleepycat.je.log.Trace {751218276}";
"traceMsg := @parameter1: com.sleepycat.je.log.Trace {751218276}" -> "$z0 = staticinvoke <com.sleepycat.je.log.Trace: boolean isWritePermitted(com.sleepycat.je.dbi.EnvironmentImpl)>(envImpl) {1056886647}";
"$z0 = staticinvoke <com.sleepycat.je.log.Trace: boolean isWritePermitted(com.sleepycat.je.dbi.EnvironmentImpl)>(envImpl) {1056886647}" -> "staticinvoke <edu.cmu.cs.mvelezce.analysis.option.Sink: void sink(java.lang.Object)>($z0) {142055066}";
"staticinvoke <edu.cmu.cs.mvelezce.analysis.option.Sink: void sink(java.lang.Object)>($z0) {142055066}" -> "if $z0 == 0 goto return -1L {668136258}";
"if $z0 == 0 goto return -1L {668136258}" -> "$r1 = virtualinvoke envImpl.<com.sleepycat.je.dbi.EnvironmentImpl: com.sleepycat.je.log.LogManager getLogManager()>() {412845776}";
"if $z0 == 0 goto return -1L {668136258}" -> "return -1L {1338220582}";
"$r1 = virtualinvoke envImpl.<com.sleepycat.je.dbi.EnvironmentImpl: com.sleepycat.je.log.LogManager getLogManager()>() {412845776}" -> "$r0 = new com.sleepycat.je.log.entry.TraceLogEntry {1622066808}";
"$r0 = new com.sleepycat.je.log.entry.TraceLogEntry {1622066808}" -> "specialinvoke $r0.<com.sleepycat.je.log.entry.TraceLogEntry: void <init>(com.sleepycat.je.log.Trace)>(traceMsg) {1324234208}";
"specialinvoke $r0.<com.sleepycat.je.log.entry.TraceLogEntry: void <init>(com.sleepycat.je.log.Trace)>(traceMsg) {1324234208}" -> "$r2 = <com.sleepycat.je.log.ReplicationContext: com.sleepycat.je.log.ReplicationContext NO_REPLICATE> {125255756}";
"$r2 = <com.sleepycat.je.log.ReplicationContext: com.sleepycat.je.log.ReplicationContext NO_REPLICATE> {125255756}" -> "$l0 = virtualinvoke $r1.<com.sleepycat.je.log.LogManager: long log(com.sleepycat.je.log.entry.LogEntry,com.sleepycat.je.log.ReplicationContext)>($r0, $r2) {1897720201}";
"$l0 = virtualinvoke $r1.<com.sleepycat.je.log.LogManager: long log(com.sleepycat.je.log.entry.LogEntry,com.sleepycat.je.log.ReplicationContext)>($r0, $r2) {1897720201}" -> "return $l0 {1299547760}";
"staticinvoke <edu.cmu.cs.mvelezce.analysis.option.Sink: void sink(java.lang.Object)>($z0) {142055066}"[fontcolor="blue", penwidth=3, color="blue"];
}

digraph <init> {
"this := @this: com.sleepycat.je.log.Trace {1325113307}" -> "msg := @parameter0: java.lang.String {483396517}";
"msg := @parameter0: java.lang.String {483396517}" -> "specialinvoke this.<com.sleepycat.je.log.BasicVersionedWriteLoggable: void <init>()>() {795302508}";
"specialinvoke this.<com.sleepycat.je.log.BasicVersionedWriteLoggable: void <init>()>() {795302508}" -> "$r0 = specialinvoke this.<com.sleepycat.je.log.Trace: com.sleepycat.je.utilint.Timestamp getCurrentTimestamp()>() {236838767}";
"$r0 = specialinvoke this.<com.sleepycat.je.log.Trace: com.sleepycat.je.utilint.Timestamp getCurrentTimestamp()>() {236838767}" -> "this.<com.sleepycat.je.log.Trace: com.sleepycat.je.utilint.Timestamp time> = $r0 {182940027}";
"this.<com.sleepycat.je.log.Trace: com.sleepycat.je.utilint.Timestamp time> = $r0 {182940027}" -> "this.<com.sleepycat.je.log.Trace: java.lang.String msg> = msg {1189765428}";
"this.<com.sleepycat.je.log.Trace: java.lang.String msg> = msg {1189765428}" -> "return {2000141371}";
}

digraph getCurrentTimestamp {
"this := @this: com.sleepycat.je.log.Trace {1321862082}" -> "cal = staticinvoke <java.util.Calendar: java.util.Calendar getInstance()>() {41195264}";
"cal = staticinvoke <java.util.Calendar: java.util.Calendar getInstance()>() {41195264}" -> "$r0 = new com.sleepycat.je.utilint.Timestamp {1523483543}";
"$r0 = new com.sleepycat.je.utilint.Timestamp {1523483543}" -> "$r1 = virtualinvoke cal.<java.util.Calendar: java.util.Date getTime()>() {1620027342}";
"$r1 = virtualinvoke cal.<java.util.Calendar: java.util.Date getTime()>() {1620027342}" -> "$l0 = virtualinvoke $r1.<java.util.Date: long getTime()>() {2031136962}";
"$l0 = virtualinvoke $r1.<java.util.Date: long getTime()>() {2031136962}" -> "specialinvoke $r0.<com.sleepycat.je.utilint.Timestamp: void <init>(long)>($l0) {344250709}";
"specialinvoke $r0.<com.sleepycat.je.utilint.Timestamp: void <init>(long)>($l0) {344250709}" -> "return $r0 {805791672}";
}

digraph writeToLog {
"this := @this: com.sleepycat.je.log.Trace {343787313}" -> "logBuffer := @parameter0: java.nio.ByteBuffer {1786769584}";
"logBuffer := @parameter0: java.nio.ByteBuffer {1786769584}" -> "logVersion := @parameter1: int {1348582595}";
"logVersion := @parameter1: int {1348582595}" -> "forReplication := @parameter2: boolean {920636709}";
"forReplication := @parameter2: boolean {920636709}" -> "$r0 = this.<com.sleepycat.je.log.Trace: com.sleepycat.je.utilint.Timestamp time> {809803162}";
"$r0 = this.<com.sleepycat.je.log.Trace: com.sleepycat.je.utilint.Timestamp time> {809803162}" -> "staticinvoke <com.sleepycat.je.log.LogUtils: void writeTimestamp(java.nio.ByteBuffer,com.sleepycat.je.utilint.Timestamp)>(logBuffer, $r0) {1497724225}";
"staticinvoke <com.sleepycat.je.log.LogUtils: void writeTimestamp(java.nio.ByteBuffer,com.sleepycat.je.utilint.Timestamp)>(logBuffer, $r0) {1497724225}" -> "$r1 = this.<com.sleepycat.je.log.Trace: java.lang.String msg> {2008950188}";
"$r1 = this.<com.sleepycat.je.log.Trace: java.lang.String msg> {2008950188}" -> "staticinvoke <com.sleepycat.je.log.LogUtils: void writeString(java.nio.ByteBuffer,java.lang.String)>(logBuffer, $r1) {94615911}";
"staticinvoke <com.sleepycat.je.log.LogUtils: void writeString(java.nio.ByteBuffer,java.lang.String)>(logBuffer, $r1) {94615911}" -> "return {1995438453}";
}

digraph getLogSize {
"this := @this: com.sleepycat.je.log.Trace {21297672}" -> "logVersion := @parameter0: int {636394651}";
"logVersion := @parameter0: int {636394651}" -> "forReplication := @parameter1: boolean {862903156}";
"forReplication := @parameter1: boolean {862903156}" -> "$r0 = this.<com.sleepycat.je.log.Trace: com.sleepycat.je.utilint.Timestamp time> {1224146494}";
"$r0 = this.<com.sleepycat.je.log.Trace: com.sleepycat.je.utilint.Timestamp time> {1224146494}" -> "$i0 = staticinvoke <com.sleepycat.je.log.LogUtils: int getTimestampLogSize(com.sleepycat.je.utilint.Timestamp)>($r0) {218511663}";
"$i0 = staticinvoke <com.sleepycat.je.log.LogUtils: int getTimestampLogSize(com.sleepycat.je.utilint.Timestamp)>($r0) {218511663}" -> "$r1 = this.<com.sleepycat.je.log.Trace: java.lang.String msg> {2033443037}";
"$r1 = this.<com.sleepycat.je.log.Trace: java.lang.String msg> {2033443037}" -> "$i1 = staticinvoke <com.sleepycat.je.log.LogUtils: int getStringLogSize(java.lang.String)>($r1) {1170239893}";
"$i1 = staticinvoke <com.sleepycat.je.log.LogUtils: int getStringLogSize(java.lang.String)>($r1) {1170239893}" -> "$i2 = $i0 + $i1 {1441790247}";
"$i2 = $i0 + $i1 {1441790247}" -> "return $i2 {204749031}";
}


